ch_My room	07/06/2015	06:08:23		Andres joins My room
ch_My room	07/06/2015	06:23:18		Andres joins My room
ch_My room	07/06/2015	19:02:34		1111 joins My room
ch_My room	07/06/2015	19:04:49		EDITOR joins My room
ch_My room	07/06/2015	19:04:56	EDITOR	HOLA
ch_My room	07/06/2015	19:05:09	1111	QUE TAL EDITOR
ch_My room	07/06/2015	19:05:43	1111	>(>(
ch_My room	07/06/2015	19:08:00	1111	EDITOR quit (timeout)
ch_My room	07/06/2015	20:03:06		hgfhj joins My room
ch_My room	07/06/2015	20:59:02		hgfhj joins My room
ch_My room	07/06/2015	22:25:33		dsf joins My room
ch_My room	07/06/2015	22:44:29		dsffds joins My room
ch_My room	07/06/2015	22:44:45	dsffds	dsf quit (timeout)
ch_My room	08/06/2015	01:20:50		giank joins My room
ch_My room	08/06/2015	01:21:45	giank	oooo
ch_My room	08/06/2015	01:22:09		giank joins My room
ch_My room	08/06/2015	01:25:08		Sebas Autor joins My room
ch_My room	08/06/2015	01:25:14		oe joins My room
ch_My room	08/06/2015	01:25:20	oe	entonces
ch_My room	08/06/2015	01:25:20	Sebas Autor	Enyonces
ch_My room	08/06/2015	01:25:24	oe	bien o que
ch_My room	08/06/2015	01:25:31	Sebas Autor	bien bien
ch_My room	08/06/2015	01:25:36	oe	:cloudly:
ch_My room	08/06/2015	01:25:37	Sebas Autor	:D
ch_My room	08/06/2015	01:26:01	Sebas Autor	Sebas Autor quit
ch_My room	08/06/2015	01:26:06		Sebas Autor joins My room
ch_My room	08/06/2015	01:26:24	Sebas Autor	Sebas Autor quit
ch_My room	08/06/2015	01:26:26		Sebas Autor joins My room
ch_My room	08/06/2015	01:26:37	oe	oe quit
ch_My room	08/06/2015	01:26:38		oe joins My room
ch_My room	08/06/2015	01:27:00	Sebas Autor	fdsf
ch_My room	08/06/2015	01:27:06	oe	ooo
ch_My room	08/06/2015	01:27:17	oe	sdfsdf
ch_My room	08/06/2015	01:27:19	oe	sd
ch_My room	08/06/2015	01:27:19	oe	f
ch_My room	08/06/2015	01:27:20	oe	sd
ch_My room	08/06/2015	01:27:20	oe	fs
ch_My room	08/06/2015	01:27:20	oe	df
ch_My room	08/06/2015	01:27:20	oe	sdf
ch_My room	08/06/2015	01:27:20	oe	sd
ch_My room	08/06/2015	01:27:20	oe	fs
ch_My room	08/06/2015	01:27:21	oe	df
ch_My room	08/06/2015	01:27:21	oe	sdf
	08/06/2015	01:27:24	oe	fs
	08/06/2015	01:27:24	oe	df
	08/06/2015	01:27:24	oe	sdf
	08/06/2015	01:27:24	oe	
	08/06/2015	01:27:25	oe	sdf
	08/06/2015	01:27:25	oe	
	08/06/2015	01:27:25	oe	df
	08/06/2015	01:27:26	oe	f
	08/06/2015	01:27:26	oe	f
	08/06/2015	01:27:27	oe	fsdfsdf
ch_My room	08/06/2015	02:22:57		Sebas Autor joins My room
ch_My room	08/06/2015	02:25:26	Sebas Autor	xcv
ch_My room	08/06/2015	02:25:30	Sebas Autor	fhfh
ch_My room	10/06/2015	08:31:49		kjk joins My room
ch_My room	10/06/2015	08:43:15		cga joins My room
ch_My room	10/06/2015	08:43:21	cga	mmmm4
ch_My room	10/06/2015	08:43:28	cga	hola
ch_My room	10/06/2015	08:43:34	cga	lkfsglñdfkg
ch_My room	10/06/2015	08:43:35	cga	sdfg
ch_My room	10/06/2015	08:43:35	cga	sd
ch_My room	10/06/2015	08:43:35	cga	fg
ch_My room	10/06/2015	08:43:35	cga	sd
ch_My room	10/06/2015	08:43:35	cga	gs
ch_My room	10/06/2015	08:43:36	cga	dfg
ch_My room	10/06/2015	08:43:36	cga	sd
ch_My room	10/06/2015	08:43:36	cga	fg
ch_My room	10/06/2015	08:43:36	cga	sd
ch_My room	10/06/2015	08:43:36	cga	g
ch_My room	10/06/2015	08:43:51		Andres joins My room
ch_My room	10/06/2015	08:43:55	Andres	hola
	10/06/2015	08:44:00	cga	dtrr7tr
	10/06/2015	08:44:01	cga	rt
	10/06/2015	08:44:01	cga	tr
	10/06/2015	08:44:01	cga	rt
	10/06/2015	08:44:01	cga	rt
	10/06/2015	08:44:01	cga	
	10/06/2015	08:44:02	cga	rt
	10/06/2015	08:44:02	cga	
	10/06/2015	08:44:02	cga	rt
ch_My room	10/06/2015	08:44:07		cga joins My room
ch_My room	10/06/2015	08:44:11	cga	trt
ch_My room	10/06/2015	08:44:13	Andres	fefiewfo
ch_My room	10/06/2015	08:44:31	Andres	:p
ch_My room	17/06/2015	04:35:31		Fernando314 joins My room
ch_My room	17/06/2015	04:35:40		oe joins My room
ch_My room	17/06/2015	04:35:41	Fernando314	Hola !!!!
ch_My room	17/06/2015	04:35:42	oe	oe mk 
ch_My room	17/06/2015	04:35:49	Fernando314	que mas ?
ch_My room	17/06/2015	04:35:52	Fernando314	jajajajja
ch_My room	17/06/2015	04:35:55	oe	bien mk 
ch_My room	17/06/2015	04:35:57	oe	aqui tomando ajaja
ch_My room	17/06/2015	04:36:12	Fernando314	jajaja chevere !!! yo ando en las mismas !!!
ch_My room	17/06/2015	04:36:40	Fernando314	oe quit (timeout)
ch_My room	22/06/2015	21:24:41		llasmf joins My room
